TagLib: Could not open file /home/mao/music/[MV] The Grim Reaper is a Live-Streamer - Calliope Mori #HololiveEnglish #HoloMyth-Z5VxUvL_uBo.mp3
TagLib: Could not open file /home/mao/music/[MV] The Grim Reaper is a Live-Streamer - Calliope Mori #HololiveEnglish #HoloMyth-Z5VxUvL_uBo.mp3
TagLib: Could not open file /home/mao/music/[MV] The Grim Reaper is a Live-Streamer - Calliope Mori #HololiveEnglish #HoloMyth-Z5VxUvL_uBo.mp3
TagLib: Could not open file /home/mao/music/[MV] The Grim Reaper is a Live-Streamer - Calliope Mori #HololiveEnglish #HoloMyth-Z5VxUvL_uBo.mp3
TagLib: Could not open file /home/mao/music/[MV] The Grim Reaper is a Live-Streamer - Calliope Mori #HololiveEnglish #HoloMyth-Z5VxUvL_uBo.mp3
TagLib: Could not open file /home/mao/music/[MV] The Grim Reaper is a Live-Streamer - Calliope Mori #HololiveEnglish #HoloMyth-Z5VxUvL_uBo.mp3
TagLib: Could not open file /home/mao/music/[MV] The Grim Reaper is a Live-Streamer - Calliope Mori #HololiveEnglish #HoloMyth-Z5VxUvL_uBo.mp3
TagLib: Could not open file /home/mao/music/「Nightcore」→ More Than A Friend-rv1Aqj4_MC0.mp3
TagLib: Could not open file /home/mao/music/「Nightcore」→ More Than A Friend-rv1Aqj4_MC0.mp3
TagLib: Could not open file /home/mao/music/INDUSTRY BABY-eg-AwKRUFec.mp3
TagLib: Could not open file /home/mao/music/INSANE (A Hazbin Hotel Song) - Black Gryph0n & Baasik-juJkNKodgdE.mp3
TagLib: Could not open file /home/mao/music/[MV] The Grim Reaper is a Live-Streamer - Calliope Mori #HololiveEnglish #HoloMyth-Z5VxUvL_uBo.mp3
TagLib: Could not open file /home/mao/music/[MV] The Grim Reaper is a Live-Streamer - Calliope Mori #HololiveEnglish #HoloMyth-Z5VxUvL_uBo.mp3
TagLib: Could not open file /home/mao/music/[MV] The Grim Reaper is a Live-Streamer - Calliope Mori #HololiveEnglish #HoloMyth-Z5VxUvL_uBo.mp3
TagLib: Could not open file /home/mao/music/律可, Mori Calliope - spiral tones.mp3
TagLib: Could not open file /home/mao/music/RWBY/Jeff Williams, Casey Lee Williams, Sandy Casey - Red Like Roses - Part II (feat. Casey Lee Williams & Sandy Casey).mp3
TagLib: Could not open file /home/mao/music/RWBY/Jeff Williams, Casey Lee Williams, Lamar Hall - Caffeine (feat. Lamar Hall).mp3
TagLib: Could not open file /home/mao/music/Nightmare - Nightcore Sweet but Psycho.mp3
TagLib: Could not open file /home/mao/music/gh0st_boi - Automat Krampus.mp3
TagLib: Could not open file /home/mao/music/Loving Caliber - Faster Car.mp3
TagLib: Could not open file /home/mao/music/Timmy Trumpet, Savage - Freaks - Radio Edit.mp3
TagLib: Could not open file /home/mao/music/Imagine Dragons, JID, Arcane, League of Legends - Enemy (with JID) - from the series Arcane League of Legends.mp3
TagLib: Could not open file /home/mao/music/Imagine Dragons, JID, Arcane, League of Legends - Enemy (with JID) - from the series Arcane League of Legends.mp3
TagLib: Could not open file /home/mao/music/Imagine Dragons, JID, Arcane, League of Legends - Enemy (with JID) - from the series Arcane League of Legends.mp3
